\BOOKMARK [1][-]{section.0.1}{Introduction}{}% 1
\BOOKMARK [-1][-]{part.1}{I The problem}{}% 2
\BOOKMARK [0][-]{chapter.1}{Notation and Preliminaries}{part.1}% 3
\BOOKMARK [1][-]{section.1.1}{Notation}{chapter.1}% 4
\BOOKMARK [1][-]{section.1.2}{Auxiliary Prerequisites}{chapter.1}% 5
\BOOKMARK [1][-]{section.1.3}{Model Predictive Control for non-linear continuous-time systems}{chapter.1}% 6
\BOOKMARK [0][-]{chapter.2}{Problem Formulation}{part.1}% 7
\BOOKMARK [1][-]{section.2.1}{System Model}{chapter.2}% 8
\BOOKMARK [1][-]{section.2.2}{Initial Conditions}{chapter.2}% 9
\BOOKMARK [1][-]{section.2.3}{Objective}{chapter.2}% 10
\BOOKMARK [1][-]{section.2.4}{Problem Statement}{chapter.2}% 11
\BOOKMARK [-1][-]{part.2}{II Advocated Solutions}{}% 12
\BOOKMARK [0][-]{chapter.3}{Disturbance-free Stabililization}{part.2}% 13
\BOOKMARK [1][-]{section.3.1}{Formalizing the system's model}{chapter.3}% 14
\BOOKMARK [1][-]{section.3.2}{The error model}{chapter.3}% 15
\BOOKMARK [1][-]{section.3.3}{The optimization problem}{chapter.3}% 16
\BOOKMARK [1][-]{section.3.4}{Stabilization: Feasibility and Convergence}{chapter.3}% 17
\BOOKMARK [0][-]{chapter.4}{Stabilization in the face of Disturbances}{part.2}% 18
\BOOKMARK [1][-]{section.4.1}{The perturbed model}{chapter.4}% 19
\BOOKMARK [1][-]{section.4.2}{The error model}{chapter.4}% 20
\BOOKMARK [1][-]{section.4.3}{The optimization problem}{chapter.4}% 21
\BOOKMARK [1][-]{section.4.4}{Stabilization: Feasibility and Convergence}{chapter.4}% 22
